[main 7de0eed] Backup: config.txt at 20250320_041735
 3 files changed, 5 insertions(+)
 create mode 100644 backup/config_20250320_041735.txt
 create mode 100644 cron.log
To github.com:s10djan/devops-backup.git
   b0ead2d..7de0eed  main -> main
[main 65835c8] Backup: config.txt at 20250320_041739
 3 files changed, 11 insertions(+)
 create mode 100644 backup/config_20250320_041739.txt
To github.com:s10djan/devops-backup.git
   7de0eed..65835c8  main -> main
[main c674f3b] Automated backup on 2025-03-20 04:17:42
 2 files changed, 9 insertions(+)
 create mode 100644 backup_2025-03-20_04-17-42/config.txt
To github.com:s10djan/devops-backup.git
   65835c8..c674f3b  main -> main
backup.sh: line 16: git: command not found
backup.sh: line 17: git: command not found
backup.sh: line 18: git: command not found
On branch main
Your branch is ahead of 'origin/main' by 1 commit.
  (use "git push" to publish your local commits)

nothing to commit, working tree clean
To github.com:s10djan/devops-backup.git
   5512415..c476182  main -> main
backup.sh: line 45: git: command not found
backup.sh: line 46: git: command not found
backup.sh: line 47: git: command not found
cp: cannot create regular file './backup/config_20250320_043001.txt': File exists
backup.sh: line 16: git: command not found
backup.sh: line 17: git: command not found
backup.sh: line 18: git: command not found
On branch main
Your branch is ahead of 'origin/main' by 1 commit.
  (use "git push" to publish your local commits)

nothing to commit, working tree clean
To github.com:s10djan/devops-backup.git
   da6dedc..7a6567b  main -> main
backup.sh: line 45: git: command not found
backup.sh: line 46: git: command not found
backup.sh: line 47: git: command not found
